2017-03-30 20:13:13  [ main:0 ] - [ INFO ]  Refreshing org.springframework.context.support.ClassPathXmlApplicationContext@8032df: startup date [Thu Mar 30 20:13:13 CST 2017]; root of context hierarchy
2017-03-30 20:13:13  [ main:69 ] - [ INFO ]  Loading XML bean definitions from class path resource [beans.xml]
2017-03-30 20:13:13  [ main:604 ] - [ INFO ]  Loading properties file from URL [file:/C:/Users/Administrator/git/Education/superEducation/target/classes/db.properties]
2017-03-30 20:13:14  [ main:1732 ] - [ DEBUG ]  ==>  Preparing: select course_id,course_name,c.user_id,class_id,course_view,course_description,coursephoto,price,u.user_id,u.user_name from course c , userInfo u where c.user_id=u.user_id ORDER BY course_view DESC and course_name like '%?%' or course_description like '%?%' or courseting like '%?%' ; 
2017-03-30 20:13:44  [ main:0 ] - [ INFO ]  Refreshing org.springframework.context.support.ClassPathXmlApplicationContext@8032df: startup date [Thu Mar 30 20:13:44 CST 2017]; root of context hierarchy
2017-03-30 20:13:44  [ main:58 ] - [ INFO ]  Loading XML bean definitions from class path resource [beans.xml]
2017-03-30 20:13:44  [ main:598 ] - [ INFO ]  Loading properties file from URL [file:/C:/Users/Administrator/git/Education/superEducation/target/classes/db.properties]
2017-03-30 20:13:45  [ main:1891 ] - [ DEBUG ]  ==>  Preparing: select course_id,course_name,c.user_id,class_id,course_view,course_description,coursephoto,price,u.user_id,u.user_name from course c , userInfo u where c.user_id=u.user_id ORDER BY course_view DESC and c.course_name like '%?%' or c.course_description like '%?%' or c.courseting like '%?%' ; 
2017-03-30 20:16:08  [ main:0 ] - [ INFO ]  Refreshing org.springframework.context.support.ClassPathXmlApplicationContext@8032df: startup date [Thu Mar 30 20:16:08 CST 2017]; root of context hierarchy
2017-03-30 20:16:08  [ main:55 ] - [ INFO ]  Loading XML bean definitions from class path resource [beans.xml]
2017-03-30 20:16:09  [ main:571 ] - [ INFO ]  Loading properties file from URL [file:/C:/Users/Administrator/git/Education/superEducation/target/classes/db.properties]
2017-03-30 20:16:10  [ main:1878 ] - [ DEBUG ]  ==>  Preparing: select course_id,course_name,c.user_id,class_id,course_view,course_description,coursephoto,price,u.user_id,u.user_name from course c , userInfo u where c.user_id=u.user_id and c.course_name like '%?%' or c.course_description like '%?%' or c.courseting like '%?%' ORDER BY c.course_view DESC 
2017-03-30 20:17:39  [ main:0 ] - [ INFO ]  Refreshing org.springframework.context.support.ClassPathXmlApplicationContext@8032df: startup date [Thu Mar 30 20:17:39 CST 2017]; root of context hierarchy
2017-03-30 20:17:39  [ main:57 ] - [ INFO ]  Loading XML bean definitions from class path resource [beans.xml]
2017-03-30 20:17:39  [ main:567 ] - [ INFO ]  Loading properties file from URL [file:/C:/Users/Administrator/git/Education/superEducation/target/classes/db.properties]
2017-03-30 20:17:40  [ main:1880 ] - [ DEBUG ]  ==>  Preparing: select course_id,course_name,c.user_id,class_id,course_view,course_description,coursephoto,price,u.user_id,u.user_name from course c , userInfo u where c.user_id=u.user_id and c.course_name like '%?%' or c.course_description like '%?%' or c.courseting like '%?%' ORDER BY c.course_view DESC 
2017-03-30 20:19:01  [ main:0 ] - [ INFO ]  Refreshing org.springframework.context.support.ClassPathXmlApplicationContext@8032df: startup date [Thu Mar 30 20:19:01 CST 2017]; root of context hierarchy
2017-03-30 20:19:01  [ main:51 ] - [ INFO ]  Loading XML bean definitions from class path resource [beans.xml]
2017-03-30 20:19:01  [ main:555 ] - [ INFO ]  Loading properties file from URL [file:/C:/Users/Administrator/git/Education/superEducation/target/classes/db.properties]
2017-03-30 20:19:02  [ main:1652 ] - [ DEBUG ]  ==>  Preparing: select course_id,course_name,c.user_id,class_id,course_view,course_description,coursephoto,price,u.user_id,u.user_name from course c , userInfo u where c.user_id=u.user_id and c.course_name like ?% or c.course_description like ?% or c.courseting like ? ORDER BY c.course_view DESC 
2017-03-30 20:19:02  [ main:1689 ] - [ DEBUG ]  ==> Parameters: %摄影%(String), %摄影%(String), %摄影%(String)
2017-03-30 20:19:02  [ main:1709 ] - [ INFO ]  Loading XML bean definitions from class path resource [org/springframework/jdbc/support/sql-error-codes.xml]
2017-03-30 20:19:02  [ main:1740 ] - [ INFO ]  SQLErrorCodes loaded: [DB2, Derby, H2, HSQL, Informix, MS-SQL, MySQL, Oracle, PostgreSQL, Sybase, Hana]
2017-03-30 20:20:05  [ main:0 ] - [ INFO ]  Refreshing org.springframework.context.support.ClassPathXmlApplicationContext@8032df: startup date [Thu Mar 30 20:20:05 CST 2017]; root of context hierarchy
2017-03-30 20:20:05  [ main:54 ] - [ INFO ]  Loading XML bean definitions from class path resource [beans.xml]
2017-03-30 20:20:06  [ main:579 ] - [ INFO ]  Loading properties file from URL [file:/C:/Users/Administrator/git/Education/superEducation/target/classes/db.properties]
2017-03-30 20:20:07  [ main:1687 ] - [ DEBUG ]  ==>  Preparing: select course_id,course_name,c.user_id,class_id,course_view,course_description,coursephoto,price,u.user_id,u.user_name from course c , userInfo u where c.user_id=u.user_id and c.course_name like ? or c.course_description like ? or c.courseting like ? ORDER BY c.course_view DESC 
2017-03-30 20:20:07  [ main:1722 ] - [ DEBUG ]  ==> Parameters: %摄影%(String), %摄影%(String), %摄影%(String)
2017-03-30 20:20:07  [ main:1749 ] - [ DEBUG ]  <==      Total: 20
2017-03-30 20:25:03  [ main:0 ] - [ INFO ]  Refreshing org.springframework.context.support.ClassPathXmlApplicationContext@8032df: startup date [Thu Mar 30 20:25:03 CST 2017]; root of context hierarchy
2017-03-30 20:25:03  [ main:53 ] - [ INFO ]  Loading XML bean definitions from class path resource [beans.xml]
2017-03-30 20:25:04  [ main:567 ] - [ INFO ]  Loading properties file from URL [file:/C:/Users/Administrator/git/Education/superEducation/target/classes/db.properties]
2017-03-30 20:25:05  [ main:1762 ] - [ DEBUG ]  ==>  Preparing: select course_id,course_name,c.user_id,class_id,course_view,course_description,coursephoto,price,u.user_id,u.user_name from course c , userInfo u where c.user_id=u.user_id and (c.course_name like ? or c.course_description like ? or c.courseting like ?) ORDER BY c.course_view DESC 
2017-03-30 20:25:05  [ main:1837 ] - [ DEBUG ]  ==> Parameters: %摄影%(String), %摄影%(String), %摄影%(String)
2017-03-30 20:25:05  [ main:1865 ] - [ DEBUG ]  <==      Total: 2
2017-03-31 23:04:49  [ main:0 ] - [ INFO ]  Refreshing org.springframework.context.support.ClassPathXmlApplicationContext@50a492: startup date [Fri Mar 31 23:04:49 CST 2017]; root of context hierarchy
2017-03-31 23:04:49  [ main:65 ] - [ INFO ]  Loading XML bean definitions from class path resource [beans.xml]
2017-03-31 23:04:50  [ main:729 ] - [ INFO ]  Loading properties file from URL [file:/E:/Git/Education/superEducation/target/classes/db.properties]
2017-03-31 23:04:51  [ main:1468 ] - [ WARN ]  Exception encountered during context initialization - cancelling refresh attempt: org.springframework.beans.factory.BeanCreationException: Error creating bean with name 'backAdminController': Injection of resource dependencies failed; nested exception is org.springframework.beans.factory.BeanCreationException: Error creating bean with name 'adminBizImpl': Injection of resource dependencies failed; nested exception is org.springframework.beans.factory.BeanCreationException: Error creating bean with name 'baseDaoMybabitsImpl': Injection of resource dependencies failed; nested exception is org.springframework.beans.factory.BeanCreationException: Error creating bean with name 'sqlSessionFactory' defined in class path resource [beans.xml]: Invocation of init method failed; nested exception is org.springframework.core.NestedIOException: Failed to parse mapping resource: 'file [E:\Git\Education\superEducation\target\classes\com\gy\mapper\StudyCourseMapper.xml]'; nested exception is org.apache.ibatis.builder.BuilderException: Error creating document instance.  Cause: org.xml.sax.SAXParseException; lineNumber: 64; columnNumber: 88; 必须为元素类型 "update" 声明属性 "resultType"。
2017-03-31 23:06:13  [ main:0 ] - [ INFO ]  Refreshing org.springframework.context.support.ClassPathXmlApplicationContext@227d4e: startup date [Fri Mar 31 23:06:13 CST 2017]; root of context hierarchy
2017-03-31 23:06:13  [ main:62 ] - [ INFO ]  Loading XML bean definitions from class path resource [beans.xml]
2017-03-31 23:06:14  [ main:747 ] - [ INFO ]  Loading properties file from URL [file:/E:/Git/Education/superEducation/target/classes/db.properties]
2017-03-31 23:06:40  [ main:0 ] - [ INFO ]  Refreshing org.springframework.context.support.ClassPathXmlApplicationContext@6f6068: startup date [Fri Mar 31 23:06:40 CST 2017]; root of context hierarchy
2017-03-31 23:06:40  [ main:66 ] - [ INFO ]  Loading XML bean definitions from class path resource [beans.xml]
2017-03-31 23:06:41  [ main:726 ] - [ INFO ]  Loading properties file from URL [file:/E:/Git/Education/superEducation/target/classes/db.properties]
2017-03-31 23:06:43  [ main:2489 ] - [ DEBUG ]  ==>  Preparing: update studyCourse set assess=? where user_id=? and course_id=? 
2017-03-31 23:06:43  [ main:2524 ] - [ DEBUG ]  ==> Parameters: 2(String), 1(Integer), 1(Integer)
2017-03-31 23:06:43  [ main:2525 ] - [ DEBUG ]  <==    Updates: 0
